[0.052s] Invoking command in '/home/meric/f1_ws/build/vesc_msgs': CMAKE_PREFIX_PATH=/opt/ros/humble /usr/bin/cmake --build /home/meric/f1_ws/build/vesc_msgs -- -j6 -l6
[1.032s] [  1%] [34m[1mGenerating C code for ROS interfaces[0m
[1.032s] [  3%] [34m[1mGenerating C++ code for ROS interfaces[0m
[1.032s] [  3%] Built target ament_cmake_python_copy_vesc_msgs
[1.407s] running egg_info
[1.416s] creating vesc_msgs.egg-info
[1.508s] writing vesc_msgs.egg-info/PKG-INFO
[1.509s] writing dependency_links to vesc_msgs.egg-info/dependency_links.txt
[1.510s] writing top-level names to vesc_msgs.egg-info/top_level.txt
[1.511s] writing manifest file 'vesc_msgs.egg-info/SOURCES.txt'
[1.672s] reading manifest file 'vesc_msgs.egg-info/SOURCES.txt'
[1.734s] Traceback (most recent call last):
[1.735s]   File "/home/meric/f1_ws/build/vesc_msgs/ament_cmake_python/vesc_msgs/setup.py", line 4, in <module>
[1.735s]     setup(
[1.735s]   File "/home/meric/.local/lib/python3.10/site-packages/setuptools/__init__.py", line 117, in setup
[1.736s]     return distutils.core.setup(**attrs)
[1.736s]   File "/home/meric/.local/lib/python3.10/site-packages/setuptools/_distutils/core.py", line 183, in setup
[1.737s]     return run_commands(dist)
[1.737s]   File "/home/meric/.local/lib/python3.10/site-packages/setuptools/_distutils/core.py", line 199, in run_commands
[1.737s]     dist.run_commands()
[1.738s]   File "/home/meric/.local/lib/python3.10/site-packages/setuptools/_distutils/dist.py", line 954, in run_commands
[1.738s]     self.run_command(cmd)
[1.739s]   File "/home/meric/.local/lib/python3.10/site-packages/setuptools/dist.py", line 950, in run_command
[1.739s]     super().run_command(command)
[1.740s]   File "/home/meric/.local/lib/python3.10/site-packages/setuptools/_distutils/dist.py", line 973, in run_command
[1.740s]     cmd_obj.run()
[1.740s]   File "/home/meric/.local/lib/python3.10/site-packages/setuptools/command/egg_info.py", line 311, in run
[1.742s]     self.find_sources()
[1.743s]   File "/home/meric/.local/lib/python3.10/site-packages/setuptools/command/egg_info.py", line 319, in find_sources
[1.748s]     mm.run()
[1.748s]   File "/home/meric/.local/lib/python3.10/site-packages/setuptools/command/egg_info.py", line 545, in run
[1.749s]     self.prune_file_list()
[1.749s]   File "/home/meric/.local/lib/python3.10/site-packages/setuptools/command/sdist.py", line 161, in prune_file_list
[1.750s]     super().prune_file_list()
[1.750s]   File "/home/meric/.local/lib/python3.10/site-packages/setuptools/_distutils/command/sdist.py", line 380, in prune_file_list
[1.751s]     base_dir = self.distribution.get_fullname()
[1.751s]   File "/home/meric/.local/lib/python3.10/site-packages/setuptools/_core_metadata.py", line 267, in get_fullname
[1.752s]     return _distribution_fullname(self.get_name(), self.get_version())
[1.752s]   File "/home/meric/.local/lib/python3.10/site-packages/setuptools/_core_metadata.py", line 285, in _distribution_fullname
[1.752s]     canonicalize_version(version, strip_trailing_zero=False),
[1.753s] TypeError: canonicalize_version() got an unexpected keyword argument 'strip_trailing_zero'
[1.896s] gmake[2]: *** [CMakeFiles/ament_cmake_python_build_vesc_msgs_egg.dir/build.make:70: CMakeFiles/ament_cmake_python_build_vesc_msgs_egg] Error 1
[1.896s] gmake[1]: *** [CMakeFiles/Makefile2:447: CMakeFiles/ament_cmake_python_build_vesc_msgs_egg.dir/all] Error 2
[1.896s] gmake[1]: *** Waiting for unfinished jobs....
[2.184s] [  3%] Built target vesc_msgs__cpp
[2.421s] [  5%] [32mBuilding C object CMakeFiles/vesc_msgs__rosidl_generator_c.dir/rosidl_generator_c/vesc_msgs/msg/detail/vesc_state__functions.c.o[0m
[2.467s] [  7%] [32mBuilding C object CMakeFiles/vesc_msgs__rosidl_generator_c.dir/rosidl_generator_c/vesc_msgs/msg/detail/vesc_state_stamped__functions.c.o[0m
[2.478s] [  9%] [32mBuilding C object CMakeFiles/vesc_msgs__rosidl_generator_c.dir/rosidl_generator_c/vesc_msgs/msg/detail/vesc_imu_stamped__functions.c.o[0m
[2.494s] [ 10%] [32mBuilding C object CMakeFiles/vesc_msgs__rosidl_generator_c.dir/rosidl_generator_c/vesc_msgs/msg/detail/vesc_imu__functions.c.o[0m
[2.731s] [ 12%] [32m[1mLinking C shared library libvesc_msgs__rosidl_generator_c.so[0m
[2.865s] [ 12%] Built target vesc_msgs__rosidl_generator_c
[2.867s] gmake: *** [Makefile:146: all] Error 2
