[0.052s] Invoking command in '/home/meric/f1_ws/build/vesc_msgs': CMAKE_PREFIX_PATH=/opt/ros/humble /usr/bin/cmake --build /home/meric/f1_ws/build/vesc_msgs -- -j6 -l6
[0.639s] [ 10%] Built target vesc_msgs__rosidl_generator_c
[0.640s] [ 12%] Built target vesc_msgs__cpp
[0.641s] [ 12%] Built target ament_cmake_python_copy_vesc_msgs
[0.642s] [35m[1mConsolidate compiler generated dependencies of target vesc_msgs__rosidl_typesupport_fastrtps_c[0m
[0.642s] [35m[1mConsolidate compiler generated dependencies of target vesc_msgs__rosidl_typesupport_cpp[0m
[0.642s] [35m[1mConsolidate compiler generated dependencies of target vesc_msgs__rosidl_typesupport_introspection_c[0m
[0.642s] [35m[1mConsolidate compiler generated dependencies of target vesc_msgs__rosidl_typesupport_c[0m
[0.643s] [35m[1mConsolidate compiler generated dependencies of target vesc_msgs__rosidl_typesupport_introspection_cpp[0m
[0.643s] [35m[1mConsolidate compiler generated dependencies of target vesc_msgs__rosidl_typesupport_fastrtps_cpp[0m
[0.643s] [ 23%] Built target vesc_msgs__rosidl_typesupport_fastrtps_c
[0.643s] [ 34%] Built target vesc_msgs__rosidl_typesupport_cpp
[0.643s] [ 45%] Built target vesc_msgs__rosidl_typesupport_introspection_c
[0.643s] [ 56%] Built target vesc_msgs__rosidl_typesupport_introspection_cpp
[0.643s] [ 76%] Built target vesc_msgs__rosidl_typesupport_fastrtps_cpp
[0.643s] [ 78%] Built target vesc_msgs__rosidl_typesupport_c
[0.644s] [ 78%] Built target vesc_msgs
[0.644s] [ 80%] [34m[1mGenerating Python code for ROS interfaces[0m
[0.827s] running egg_info
[0.869s] writing vesc_msgs.egg-info/PKG-INFO
[0.870s] writing dependency_links to vesc_msgs.egg-info/dependency_links.txt
[0.871s] writing top-level names to vesc_msgs.egg-info/top_level.txt
[0.984s] reading manifest file 'vesc_msgs.egg-info/SOURCES.txt'
[1.024s] Traceback (most recent call last):
[1.025s]   File "/home/meric/f1_ws/build/vesc_msgs/ament_cmake_python/vesc_msgs/setup.py", line 4, in <module>
[1.025s]     setup(
[1.025s]   File "/home/meric/.local/lib/python3.10/site-packages/setuptools/__init__.py", line 117, in setup
[1.025s]     return distutils.core.setup(**attrs)
[1.025s]   File "/home/meric/.local/lib/python3.10/site-packages/setuptools/_distutils/core.py", line 183, in setup
[1.025s]     return run_commands(dist)
[1.025s]   File "/home/meric/.local/lib/python3.10/site-packages/setuptools/_distutils/core.py", line 199, in run_commands
[1.026s]     dist.run_commands()
[1.026s]   File "/home/meric/.local/lib/python3.10/site-packages/setuptools/_distutils/dist.py", line 954, in run_commands
[1.026s]     self.run_command(cmd)
[1.026s]   File "/home/meric/.local/lib/python3.10/site-packages/setuptools/dist.py", line 950, in run_command
[1.026s]     super().run_command(command)
[1.026s]   File "/home/meric/.local/lib/python3.10/site-packages/setuptools/_distutils/dist.py", line 973, in run_command
[1.026s]     cmd_obj.run()
[1.027s]   File "/home/meric/.local/lib/python3.10/site-packages/setuptools/command/egg_info.py", line 311, in run
[1.027s]     self.find_sources()
[1.027s]   File "/home/meric/.local/lib/python3.10/site-packages/setuptools/command/egg_info.py", line 319, in find_sources
[1.027s]     mm.run()
[1.027s]   File "/home/meric/.local/lib/python3.10/site-packages/setuptools/command/egg_info.py", line 545, in run
[1.027s]     self.prune_file_list()
[1.027s]   File "/home/meric/.local/lib/python3.10/site-packages/setuptools/command/sdist.py", line 161, in prune_file_list
[1.027s]     super().prune_file_list()
[1.027s]   File "/home/meric/.local/lib/python3.10/site-packages/setuptools/_distutils/command/sdist.py", line 380, in prune_file_list
[1.028s]     base_dir = self.distribution.get_fullname()
[1.028s]   File "/home/meric/.local/lib/python3.10/site-packages/setuptools/_core_metadata.py", line 267, in get_fullname
[1.028s]     return _distribution_fullname(self.get_name(), self.get_version())
[1.028s]   File "/home/meric/.local/lib/python3.10/site-packages/setuptools/_core_metadata.py", line 285, in _distribution_fullname
[1.028s]     canonicalize_version(version, strip_trailing_zero=False),
[1.028s] TypeError: canonicalize_version() got an unexpected keyword argument 'strip_trailing_zero'
[1.108s] gmake[2]: *** [CMakeFiles/ament_cmake_python_build_vesc_msgs_egg.dir/build.make:70: CMakeFiles/ament_cmake_python_build_vesc_msgs_egg] Error 1
[1.108s] gmake[1]: *** [CMakeFiles/Makefile2:447: CMakeFiles/ament_cmake_python_build_vesc_msgs_egg.dir/all] Error 2
[1.108s] gmake[1]: *** Waiting for unfinished jobs....
[2.451s] [ 80%] Built target vesc_msgs__py
[2.453s] gmake: *** [Makefile:146: all] Error 2
