[0.753s] Invoking command in '/home/meric/f1_ws/build/cpp_right_wall_follower': CMAKE_PREFIX_PATH=${CMAKE_PREFIX_PATH}:/home/meric/f1_ws/install/f1tenth_stack:/home/meric/f1_ws/install/joy_teleop:/home/meric/f1_ws/install/mouse_teleop:/home/meric/f1_ws/install/key_teleop:/opt/ros/humble /usr/bin/cmake /home/meric/f1_ws/src/F1tenth_wall_follower_ROS2 -DCMAKE_INSTALL_PREFIX=/home/meric/f1_ws/install/cpp_right_wall_follower
[0.866s] -- The C compiler identification is GNU 11.4.0
[0.980s] -- The CXX compiler identification is GNU 11.4.0
[0.993s] -- Detecting C compiler ABI info
[1.129s] -- Detecting C compiler ABI info - done
[1.141s] -- Check for working C compiler: /usr/bin/cc - skipped
[1.142s] -- Detecting C compile features
[1.142s] -- Detecting C compile features - done
[1.148s] -- Detecting CXX compiler ABI info
[1.296s] -- Detecting CXX compiler ABI info - done
[1.309s] -- Check for working CXX compiler: /usr/bin/c++ - skipped
[1.309s] -- Detecting CXX compile features
[1.310s] -- Detecting CXX compile features - done
[1.317s] -- Found ament_cmake: 1.3.10 (/opt/ros/humble/share/ament_cmake/cmake)
[1.690s] -- Found Python3: /usr/bin/python3 (found version "3.10.12") found components: Interpreter 
[1.926s] -- Found rclcpp: 16.0.10 (/opt/ros/humble/share/rclcpp/cmake)
[2.026s] -- Found rosidl_generator_c: 3.1.5 (/opt/ros/humble/share/rosidl_generator_c/cmake)
[2.039s] -- Found rosidl_adapter: 3.1.5 (/opt/ros/humble/share/rosidl_adapter/cmake)
[2.058s] -- Found rosidl_generator_cpp: 3.1.5 (/opt/ros/humble/share/rosidl_generator_cpp/cmake)
[2.086s] -- Using all available rosidl_typesupport_c: rosidl_typesupport_fastrtps_c;rosidl_typesupport_introspection_c
[2.124s] -- Using all available rosidl_typesupport_cpp: rosidl_typesupport_fastrtps_cpp;rosidl_typesupport_introspection_cpp
[2.232s] -- Found rmw_implementation_cmake: 6.1.2 (/opt/ros/humble/share/rmw_implementation_cmake/cmake)
[2.240s] -- Found rmw_fastrtps_cpp: 6.2.7 (/opt/ros/humble/share/rmw_fastrtps_cpp/cmake)
[2.431s] -- Found OpenSSL: /usr/lib/aarch64-linux-gnu/libcrypto.so (found version "3.0.2")  
[2.494s] -- Found FastRTPS: /opt/ros/humble/include  
[2.603s] -- Using RMW implementation 'rmw_fastrtps_cpp' as default
[2.630s] -- Looking for pthread.h
[2.791s] -- Looking for pthread.h - found
[2.792s] -- Performing Test CMAKE_HAVE_LIBC_PTHREAD
[2.961s] -- Performing Test CMAKE_HAVE_LIBC_PTHREAD - Success
[2.963s] -- Found Threads: TRUE  
[3.076s] -- Found geometry_msgs: 4.2.4 (/opt/ros/humble/share/geometry_msgs/cmake)
[3.107s] -- Found sensor_msgs: 4.2.4 (/opt/ros/humble/share/sensor_msgs/cmake)
[3.154s] -- Found ament_lint_auto: 0.12.11 (/opt/ros/humble/share/ament_lint_auto/cmake)
[3.362s] -- Added test 'copyright' to check source files copyright and LICENSE
[3.369s] -- Added test 'cppcheck' to perform static code analysis on C / C++ code
[3.370s] -- Configured cppcheck include dirs: $<BUILD_INTERFACE:/home/meric/f1_ws/src/F1tenth_wall_follower_ROS2/include>
[3.370s] -- Configured cppcheck exclude dirs and/or files: 
[3.377s] -- Added test 'cpplint' to check C / C++ code against the Google style
[3.378s] -- Configured cpplint exclude dirs and/or files: 
[3.378s] -- Added test 'flake8' to check Python code syntax and style conventions
[3.380s] -- Added test 'lint_cmake' to check CMake code style
[3.382s] -- Added test 'pep257' to check Python code against some of the docstring style conventions in PEP 257
[3.388s] -- Added test 'uncrustify' to check C / C++ code style
[3.389s] -- Configured uncrustify additional arguments: 
[3.396s] -- Added test 'xmllint' to check XML markup files
[3.396s] -- Configuring done
[3.425s] -- Generating done
[3.429s] -- Build files have been written to: /home/meric/f1_ws/build/cpp_right_wall_follower
[3.460s] Invoked command in '/home/meric/f1_ws/build/cpp_right_wall_follower' returned '0': CMAKE_PREFIX_PATH=${CMAKE_PREFIX_PATH}:/home/meric/f1_ws/install/f1tenth_stack:/home/meric/f1_ws/install/joy_teleop:/home/meric/f1_ws/install/mouse_teleop:/home/meric/f1_ws/install/key_teleop:/opt/ros/humble /usr/bin/cmake /home/meric/f1_ws/src/F1tenth_wall_follower_ROS2 -DCMAKE_INSTALL_PREFIX=/home/meric/f1_ws/install/cpp_right_wall_follower
[3.461s] Invoking command in '/home/meric/f1_ws/build/cpp_right_wall_follower': CMAKE_PREFIX_PATH=${CMAKE_PREFIX_PATH}:/home/meric/f1_ws/install/f1tenth_stack:/home/meric/f1_ws/install/joy_teleop:/home/meric/f1_ws/install/mouse_teleop:/home/meric/f1_ws/install/key_teleop:/opt/ros/humble /usr/bin/cmake --build /home/meric/f1_ws/build/cpp_right_wall_follower -- -j6 -l6
[3.584s] [ 50%] [32mBuilding CXX object CMakeFiles/right_wall_follower_drive_node.dir/src/right_wall_follower_drive_node.cpp.o[0m
[4.108s] [01m[K/home/meric/f1_ws/src/F1tenth_wall_follower_ROS2/src/right_wall_follower_drive_node.cpp:10:10:[m[K [01;31m[Kfatal error: [m[Ktf2/LinearMath/Matrix3x3.h: No such file or directory
[4.108s]    10 | #include [01;31m[K<tf2/LinearMath/Matrix3x3.h>[m[K
[4.108s]       |          [01;31m[K^~~~~~~~~~~~~~~~~~~~~~~~~~~~[m[K
[4.108s] compilation terminated.
[4.114s] gmake[2]: *** [CMakeFiles/right_wall_follower_drive_node.dir/build.make:76: CMakeFiles/right_wall_follower_drive_node.dir/src/right_wall_follower_drive_node.cpp.o] Error 1
[4.115s] gmake[1]: *** [CMakeFiles/Makefile2:137: CMakeFiles/right_wall_follower_drive_node.dir/all] Error 2
[4.115s] gmake: *** [Makefile:146: all] Error 2
[4.120s] Invoked command in '/home/meric/f1_ws/build/cpp_right_wall_follower' returned '2': CMAKE_PREFIX_PATH=${CMAKE_PREFIX_PATH}:/home/meric/f1_ws/install/f1tenth_stack:/home/meric/f1_ws/install/joy_teleop:/home/meric/f1_ws/install/mouse_teleop:/home/meric/f1_ws/install/key_teleop:/opt/ros/humble /usr/bin/cmake --build /home/meric/f1_ws/build/cpp_right_wall_follower -- -j6 -l6
